22:02:36 **** Incremental Build of configuration Debug for project 0305_Queue ****
make -r -j4 all 
Building file: ../source/0305_Queue.c
Invoking: MCU C Compiler
arm-none-eabi-gcc -D__REDLIB__ -DPRINTF_FLOAT_ENABLE=0 -D__USE_CMSIS -DCR_INTEGER_PRINTF -DSDK_DEBUGCONSOLE=1 -D__MCUXPRESSO -DDEBUG -DSDK_OS_FREE_RTOS -DFSL_RTOS_FREE_RTOS -DCPU_MK64FN1M0VLL12 -DCPU_MK64FN1M0VLL12_cm4 -I"C:\SEBM\SEBMII\0305_Queue\board" -I"C:\SEBM\SEBMII\0305_Queue\source" -I"C:\SEBM\SEBMII\0305_Queue" -I"C:\SEBM\SEBMII\0305_Queue\freertos\include" -I"C:\SEBM\SEBMII\0305_Queue\freertos\portable" -I"C:\SEBM\SEBMII\0305_Queue\drivers" -I"C:\SEBM\SEBMII\0305_Queue\CMSIS" -I"C:\SEBM\SEBMII\0305_Queue\utilities" -I"C:\SEBM\SEBMII\0305_Queue\startup" -O0 -fno-common -g3 -Wall -c -fmessage-length=0 -mcpu=cortex-m4 -mfpu=fpv4-sp-d16 -mfloat-abi=hard -mthumb -D__REDLIB__ -specs=redlib.specs -MMD -MP -MF"source/0305_Queue.d" -MT"source/0305_Queue.o" -MT"source/0305_Queue.d" -o "source/0305_Queue.o" "../source/0305_Queue.c"
Finished building: ../source/0305_Queue.c
 
Building target: 0305_Queue.axf
Invoking: MCU Linker
arm-none-eabi-gcc -nostdlib -Xlinker -print-memory-usage -Xlinker --gc-sections -Xlinker -Map="0305_Queue.map" -mcpu=cortex-m4 -mfpu=fpv4-sp-d16 -mfloat-abi=hard -mthumb -T 0305_Queue_Debug.ld -o "0305_Queue.axf"  ./utilities/fsl_debug_console.o ./utilities/fsl_io.o ./utilities/fsl_log.o ./utilities/fsl_str.o  ./startup/startup_mk64f12.o  ./source/0305_Queue.o ./source/semihost_hardfault.o  ./freertos/source/croutine.o ./freertos/source/event_groups.o ./freertos/source/list.o ./freertos/source/queue.o ./freertos/source/tasks.o ./freertos/source/timers.o  ./freertos/portable/fsl_tickless_systick.o ./freertos/portable/heap_4.o ./freertos/portable/port.o  ./drivers/fsl_clock.o ./drivers/fsl_common.o ./drivers/fsl_flash.o ./drivers/fsl_gpio.o ./drivers/fsl_smc.o ./drivers/fsl_uart.o  ./board/board.o ./board/clock_config.o ./board/peripherals.o ./board/pin_mux.o  ./CMSIS/system_MK64F12.o   
Memory region         Used Size  Region Size  %age Used
   PROGRAM_FLASH:       50088 B         1 MB      4.78%
      SRAM_UPPER:       19284 B       192 KB      9.81%
      SRAM_LOWER:          0 GB        64 KB      0.00%
        FLEX_RAM:          0 GB         4 KB      0.00%
Finished building target: 0305_Queue.axf
 
make --no-print-directory post-build
Performing post-build steps
arm-none-eabi-size "0305_Queue.axf"; # arm-none-eabi-objcopy -v -O binary "0305_Queue.axf" "0305_Queue.bin" ; # checksum -p MK64FN1M0xxx12 -d "0305_Queue.bin";
   text	   data	    bss	    dec	    hex	filename
  50072	     16	  19268	  69356	  10eec	0305_Queue.axf
 
22:02:42 **** Incremental Build of configuration Debug for project 0305_Queue ****
make -r -j4 all 
make: Nothing to be done for `all'.
22:02:43 **** Incremental Build of configuration Debug for project 0305_Queue ****
make -r -j4 all 
make: Nothing to be done for `all'.
22:03:39 **** Incremental Build of configuration Debug for project 0305_Queue ****
make -r -j4 all 
Building file: ../source/0305_Queue.c
Invoking: MCU C Compiler
arm-none-eabi-gcc -D__REDLIB__ -DPRINTF_FLOAT_ENABLE=0 -D__USE_CMSIS -DCR_INTEGER_PRINTF -DSDK_DEBUGCONSOLE=1 -D__MCUXPRESSO -DDEBUG -DSDK_OS_FREE_RTOS -DFSL_RTOS_FREE_RTOS -DCPU_MK64FN1M0VLL12 -DCPU_MK64FN1M0VLL12_cm4 -I"C:\SEBM\SEBMII\0305_Queue\board" -I"C:\SEBM\SEBMII\0305_Queue\source" -I"C:\SEBM\SEBMII\0305_Queue" -I"C:\SEBM\SEBMII\0305_Queue\freertos\include" -I"C:\SEBM\SEBMII\0305_Queue\freertos\portable" -I"C:\SEBM\SEBMII\0305_Queue\drivers" -I"C:\SEBM\SEBMII\0305_Queue\CMSIS" -I"C:\SEBM\SEBMII\0305_Queue\utilities" -I"C:\SEBM\SEBMII\0305_Queue\startup" -O0 -fno-common -g3 -Wall -c -fmessage-length=0 -mcpu=cortex-m4 -mfpu=fpv4-sp-d16 -mfloat-abi=hard -mthumb -D__REDLIB__ -specs=redlib.specs -MMD -MP -MF"source/0305_Queue.d" -MT"source/0305_Queue.o" -MT"source/0305_Queue.d" -o "source/0305_Queue.o" "../source/0305_Queue.c"
Finished building: ../source/0305_Queue.c
 
Building target: 0305_Queue.axf
Invoking: MCU Linker
arm-none-eabi-gcc -nostdlib -Xlinker -print-memory-usage -Xlinker --gc-sections -Xlinker -Map="0305_Queue.map" -mcpu=cortex-m4 -mfpu=fpv4-sp-d16 -mfloat-abi=hard -mthumb -T 0305_Queue_Debug.ld -o "0305_Queue.axf"  ./utilities/fsl_debug_console.o ./utilities/fsl_io.o ./utilities/fsl_log.o ./utilities/fsl_str.o  ./startup/startup_mk64f12.o  ./source/0305_Queue.o ./source/semihost_hardfault.o  ./freertos/source/croutine.o ./freertos/source/event_groups.o ./freertos/source/list.o ./freertos/source/queue.o ./freertos/source/tasks.o ./freertos/source/timers.o  ./freertos/portable/fsl_tickless_systick.o ./freertos/portable/heap_4.o ./freertos/portable/port.o  ./drivers/fsl_clock.o ./drivers/fsl_common.o ./drivers/fsl_flash.o ./drivers/fsl_gpio.o ./drivers/fsl_smc.o ./drivers/fsl_uart.o  ./board/board.o ./board/clock_config.o ./board/peripherals.o ./board/pin_mux.o  ./CMSIS/system_MK64F12.o   
Memory region         Used Size  Region Size  %age Used
   PROGRAM_FLASH:       50088 B         1 MB      4.78%
      SRAM_UPPER:       19284 B       192 KB      9.81%
      SRAM_LOWER:          0 GB        64 KB      0.00%
        FLEX_RAM:          0 GB         4 KB      0.00%
Finished building target: 0305_Queue.axf
 
make --no-print-directory post-build
Performing post-build steps
arm-none-eabi-size "0305_Queue.axf"; # arm-none-eabi-objcopy -v -O binary "0305_Queue.axf" "0305_Queue.bin" ; # checksum -p MK64FN1M0xxx12 -d "0305_Queue.bin";
   text	   data	    bss	    dec	    hex	filename
  50072	     16	  19268	  69356	  10eec	0305_Queue.axf
 
22:03:41 **** Incremental Build of configuration Debug for project 0305_Queue ****
make -r -j4 all 
make: Nothing to be done for `all'.
22:04:40 **** Incremental Build of configuration Debug for project 0305_Queue ****
make -r -j4 all 
Building file: ../source/0305_Queue.c
Invoking: MCU C Compiler
arm-none-eabi-gcc -D__REDLIB__ -DPRINTF_FLOAT_ENABLE=0 -D__USE_CMSIS -DCR_INTEGER_PRINTF -DSDK_DEBUGCONSOLE=1 -D__MCUXPRESSO -DDEBUG -DSDK_OS_FREE_RTOS -DFSL_RTOS_FREE_RTOS -DCPU_MK64FN1M0VLL12 -DCPU_MK64FN1M0VLL12_cm4 -I"C:\SEBM\SEBMII\0305_Queue\board" -I"C:\SEBM\SEBMII\0305_Queue\source" -I"C:\SEBM\SEBMII\0305_Queue" -I"C:\SEBM\SEBMII\0305_Queue\freertos\include" -I"C:\SEBM\SEBMII\0305_Queue\freertos\portable" -I"C:\SEBM\SEBMII\0305_Queue\drivers" -I"C:\SEBM\SEBMII\0305_Queue\CMSIS" -I"C:\SEBM\SEBMII\0305_Queue\utilities" -I"C:\SEBM\SEBMII\0305_Queue\startup" -O0 -fno-common -g3 -Wall -c -fmessage-length=0 -mcpu=cortex-m4 -mfpu=fpv4-sp-d16 -mfloat-abi=hard -mthumb -D__REDLIB__ -specs=redlib.specs -MMD -MP -MF"source/0305_Queue.d" -MT"source/0305_Queue.o" -MT"source/0305_Queue.d" -o "source/0305_Queue.o" "../source/0305_Queue.c"
Finished building: ../source/0305_Queue.c
 
Building target: 0305_Queue.axf
Invoking: MCU Linker
arm-none-eabi-gcc -nostdlib -Xlinker -print-memory-usage -Xlinker --gc-sections -Xlinker -Map="0305_Queue.map" -mcpu=cortex-m4 -mfpu=fpv4-sp-d16 -mfloat-abi=hard -mthumb -T 0305_Queue_Debug.ld -o "0305_Queue.axf"  ./utilities/fsl_debug_console.o ./utilities/fsl_io.o ./utilities/fsl_log.o ./utilities/fsl_str.o  ./startup/startup_mk64f12.o  ./source/0305_Queue.o ./source/semihost_hardfault.o  ./freertos/source/croutine.o ./freertos/source/event_groups.o ./freertos/source/list.o ./freertos/source/queue.o ./freertos/source/tasks.o ./freertos/source/timers.o  ./freertos/portable/fsl_tickless_systick.o ./freertos/portable/heap_4.o ./freertos/portable/port.o  ./drivers/fsl_clock.o ./drivers/fsl_common.o ./drivers/fsl_flash.o ./drivers/fsl_gpio.o ./drivers/fsl_smc.o ./drivers/fsl_uart.o  ./board/board.o ./board/clock_config.o ./board/peripherals.o ./board/pin_mux.o  ./CMSIS/system_MK64F12.o   
Memory region         Used Size  Region Size  %age Used
   PROGRAM_FLASH:       50024 B         1 MB      4.77%
      SRAM_UPPER:       19284 B       192 KB      9.81%
      SRAM_LOWER:          0 GB        64 KB      0.00%
        FLEX_RAM:          0 GB         4 KB      0.00%
Finished building target: 0305_Queue.axf
 
make --no-print-directory post-build
Performing post-build steps
arm-none-eabi-size "0305_Queue.axf"; # arm-none-eabi-objcopy -v -O binary "0305_Queue.axf" "0305_Queue.bin" ; # checksum -p MK64FN1M0xxx12 -d "0305_Queue.bin";
   text	   data	    bss	    dec	    hex	filename
  50008	     16	  19268	  69292	  10eac	0305_Queue.axf
 
22:04:42 **** Incremental Build of configuration Debug for project 0305_Queue ****
make -r -j4 all 
make: Nothing to be done for `all'.
22:05:19 **** Incremental Build of configuration Debug for project 0305_Queue ****
make -r -j4 all 
make: Nothing to be done for `all'.
22:05:20 **** Incremental Build of configuration Debug for project 0305_Queue ****
make -r -j4 all 
make: Nothing to be done for `all'.
22:06:00 **** Incremental Build of configuration Debug for project 0305_Queue ****
make -r -j4 all 
Building file: ../source/0305_Queue.c
Invoking: MCU C Compiler
arm-none-eabi-gcc -D__REDLIB__ -DPRINTF_FLOAT_ENABLE=0 -D__USE_CMSIS -DCR_INTEGER_PRINTF -DSDK_DEBUGCONSOLE=1 -D__MCUXPRESSO -DDEBUG -DSDK_OS_FREE_RTOS -DFSL_RTOS_FREE_RTOS -DCPU_MK64FN1M0VLL12 -DCPU_MK64FN1M0VLL12_cm4 -I"C:\SEBM\SEBMII\0305_Queue\board" -I"C:\SEBM\SEBMII\0305_Queue\source" -I"C:\SEBM\SEBMII\0305_Queue" -I"C:\SEBM\SEBMII\0305_Queue\freertos\include" -I"C:\SEBM\SEBMII\0305_Queue\freertos\portable" -I"C:\SEBM\SEBMII\0305_Queue\drivers" -I"C:\SEBM\SEBMII\0305_Queue\CMSIS" -I"C:\SEBM\SEBMII\0305_Queue\utilities" -I"C:\SEBM\SEBMII\0305_Queue\startup" -O0 -fno-common -g3 -Wall -c -fmessage-length=0 -mcpu=cortex-m4 -mfpu=fpv4-sp-d16 -mfloat-abi=hard -mthumb -D__REDLIB__ -specs=redlib.specs -MMD -MP -MF"source/0305_Queue.d" -MT"source/0305_Queue.o" -MT"source/0305_Queue.d" -o "source/0305_Queue.o" "../source/0305_Queue.c"
Finished building: ../source/0305_Queue.c
 
Building target: 0305_Queue.axf
Invoking: MCU Linker
arm-none-eabi-gcc -nostdlib -Xlinker -print-memory-usage -Xlinker --gc-sections -Xlinker -Map="0305_Queue.map" -mcpu=cortex-m4 -mfpu=fpv4-sp-d16 -mfloat-abi=hard -mthumb -T 0305_Queue_Debug.ld -o "0305_Queue.axf"  ./utilities/fsl_debug_console.o ./utilities/fsl_io.o ./utilities/fsl_log.o ./utilities/fsl_str.o  ./startup/startup_mk64f12.o  ./source/0305_Queue.o ./source/semihost_hardfault.o  ./freertos/source/croutine.o ./freertos/source/event_groups.o ./freertos/source/list.o ./freertos/source/queue.o ./freertos/source/tasks.o ./freertos/source/timers.o  ./freertos/portable/fsl_tickless_systick.o ./freertos/portable/heap_4.o ./freertos/portable/port.o  ./drivers/fsl_clock.o ./drivers/fsl_common.o ./drivers/fsl_flash.o ./drivers/fsl_gpio.o ./drivers/fsl_smc.o ./drivers/fsl_uart.o  ./board/board.o ./board/clock_config.o ./board/peripherals.o ./board/pin_mux.o  ./CMSIS/system_MK64F12.o   
Memory region         Used Size  Region Size  %age Used
   PROGRAM_FLASH:       50088 B         1 MB      4.78%
      SRAM_UPPER:       19284 B       192 KB      9.81%
      SRAM_LOWER:          0 GB        64 KB      0.00%
        FLEX_RAM:          0 GB         4 KB      0.00%
Finished building target: 0305_Queue.axf
 
make --no-print-directory post-build
Performing post-build steps
arm-none-eabi-size "0305_Queue.axf"; # arm-none-eabi-objcopy -v -O binary "0305_Queue.axf" "0305_Queue.bin" ; # checksum -p MK64FN1M0xxx12 -d "0305_Queue.bin";
   text	   data	    bss	    dec	    hex	filename
  50072	     16	  19268	  69356	  10eec	0305_Queue.axf
 
22:06:03 **** Incremental Build of configuration Debug for project 0305_Queue ****
make -r -j4 all 
make: Nothing to be done for `all'.
22:06:49 **** Incremental Build of configuration Debug for project 0305_Queue ****
make -r -j4 all 
Building file: ../source/0305_Queue.c
Invoking: MCU C Compiler
arm-none-eabi-gcc -D__REDLIB__ -DPRINTF_FLOAT_ENABLE=0 -D__USE_CMSIS -DCR_INTEGER_PRINTF -DSDK_DEBUGCONSOLE=1 -D__MCUXPRESSO -DDEBUG -DSDK_OS_FREE_RTOS -DFSL_RTOS_FREE_RTOS -DCPU_MK64FN1M0VLL12 -DCPU_MK64FN1M0VLL12_cm4 -I"C:\SEBM\SEBMII\0305_Queue\board" -I"C:\SEBM\SEBMII\0305_Queue\source" -I"C:\SEBM\SEBMII\0305_Queue" -I"C:\SEBM\SEBMII\0305_Queue\freertos\include" -I"C:\SEBM\SEBMII\0305_Queue\freertos\portable" -I"C:\SEBM\SEBMII\0305_Queue\drivers" -I"C:\SEBM\SEBMII\0305_Queue\CMSIS" -I"C:\SEBM\SEBMII\0305_Queue\utilities" -I"C:\SEBM\SEBMII\0305_Queue\startup" -O0 -fno-common -g3 -Wall -c -fmessage-length=0 -mcpu=cortex-m4 -mfpu=fpv4-sp-d16 -mfloat-abi=hard -mthumb -D__REDLIB__ -specs=redlib.specs -MMD -MP -MF"source/0305_Queue.d" -MT"source/0305_Queue.o" -MT"source/0305_Queue.d" -o "source/0305_Queue.o" "../source/0305_Queue.c"
Finished building: ../source/0305_Queue.c
 
Building target: 0305_Queue.axf
Invoking: MCU Linker
arm-none-eabi-gcc -nostdlib -Xlinker -print-memory-usage -Xlinker --gc-sections -Xlinker -Map="0305_Queue.map" -mcpu=cortex-m4 -mfpu=fpv4-sp-d16 -mfloat-abi=hard -mthumb -T 0305_Queue_Debug.ld -o "0305_Queue.axf"  ./utilities/fsl_debug_console.o ./utilities/fsl_io.o ./utilities/fsl_log.o ./utilities/fsl_str.o  ./startup/startup_mk64f12.o  ./source/0305_Queue.o ./source/semihost_hardfault.o  ./freertos/source/croutine.o ./freertos/source/event_groups.o ./freertos/source/list.o ./freertos/source/queue.o ./freertos/source/tasks.o ./freertos/source/timers.o  ./freertos/portable/fsl_tickless_systick.o ./freertos/portable/heap_4.o ./freertos/portable/port.o  ./drivers/fsl_clock.o ./drivers/fsl_common.o ./drivers/fsl_flash.o ./drivers/fsl_gpio.o ./drivers/fsl_smc.o ./drivers/fsl_uart.o  ./board/board.o ./board/clock_config.o ./board/peripherals.o ./board/pin_mux.o  ./CMSIS/system_MK64F12.o   
Memory region         Used Size  Region Size  %age Used
   PROGRAM_FLASH:       50088 B         1 MB      4.78%
      SRAM_UPPER:       19284 B       192 KB      9.81%
      SRAM_LOWER:          0 GB        64 KB      0.00%
        FLEX_RAM:          0 GB         4 KB      0.00%
Finished building target: 0305_Queue.axf
 
make --no-print-directory post-build
Performing post-build steps
arm-none-eabi-size "0305_Queue.axf"; # arm-none-eabi-objcopy -v -O binary "0305_Queue.axf" "0305_Queue.bin" ; # checksum -p MK64FN1M0xxx12 -d "0305_Queue.bin";
   text	   data	    bss	    dec	    hex	filename
  50072	     16	  19268	  69356	  10eec	0305_Queue.axf
 
22:06:51 **** Incremental Build of configuration Debug for project 0305_Queue ****
make -r -j4 all 
make: Nothing to be done for `all'.
22:07:18 **** Incremental Build of configuration Debug for project 0305_Queue ****
make -r -j4 all 
Building file: ../source/0305_Queue.c
Invoking: MCU C Compiler
arm-none-eabi-gcc -D__REDLIB__ -DPRINTF_FLOAT_ENABLE=0 -D__USE_CMSIS -DCR_INTEGER_PRINTF -DSDK_DEBUGCONSOLE=1 -D__MCUXPRESSO -DDEBUG -DSDK_OS_FREE_RTOS -DFSL_RTOS_FREE_RTOS -DCPU_MK64FN1M0VLL12 -DCPU_MK64FN1M0VLL12_cm4 -I"C:\SEBM\SEBMII\0305_Queue\board" -I"C:\SEBM\SEBMII\0305_Queue\source" -I"C:\SEBM\SEBMII\0305_Queue" -I"C:\SEBM\SEBMII\0305_Queue\freertos\include" -I"C:\SEBM\SEBMII\0305_Queue\freertos\portable" -I"C:\SEBM\SEBMII\0305_Queue\drivers" -I"C:\SEBM\SEBMII\0305_Queue\CMSIS" -I"C:\SEBM\SEBMII\0305_Queue\utilities" -I"C:\SEBM\SEBMII\0305_Queue\startup" -O0 -fno-common -g3 -Wall -c -fmessage-length=0 -mcpu=cortex-m4 -mfpu=fpv4-sp-d16 -mfloat-abi=hard -mthumb -D__REDLIB__ -specs=redlib.specs -MMD -MP -MF"source/0305_Queue.d" -MT"source/0305_Queue.o" -MT"source/0305_Queue.d" -o "source/0305_Queue.o" "../source/0305_Queue.c"
Finished building: ../source/0305_Queue.c
 
Building target: 0305_Queue.axf
Invoking: MCU Linker
arm-none-eabi-gcc -nostdlib -Xlinker -print-memory-usage -Xlinker --gc-sections -Xlinker -Map="0305_Queue.map" -mcpu=cortex-m4 -mfpu=fpv4-sp-d16 -mfloat-abi=hard -mthumb -T 0305_Queue_Debug.ld -o "0305_Queue.axf"  ./utilities/fsl_debug_console.o ./utilities/fsl_io.o ./utilities/fsl_log.o ./utilities/fsl_str.o  ./startup/startup_mk64f12.o  ./source/0305_Queue.o ./source/semihost_hardfault.o  ./freertos/source/croutine.o ./freertos/source/event_groups.o ./freertos/source/list.o ./freertos/source/queue.o ./freertos/source/tasks.o ./freertos/source/timers.o  ./freertos/portable/fsl_tickless_systick.o ./freertos/portable/heap_4.o ./freertos/portable/port.o  ./drivers/fsl_clock.o ./drivers/fsl_common.o ./drivers/fsl_flash.o ./drivers/fsl_gpio.o ./drivers/fsl_smc.o ./drivers/fsl_uart.o  ./board/board.o ./board/clock_config.o ./board/peripherals.o ./board/pin_mux.o  ./CMSIS/system_MK64F12.o   
Memory region         Used Size  Region Size  %age Used
   PROGRAM_FLASH:       50088 B         1 MB      4.78%
      SRAM_UPPER:       19284 B       192 KB      9.81%
      SRAM_LOWER:          0 GB        64 KB      0.00%
        FLEX_RAM:          0 GB         4 KB      0.00%
Finished building target: 0305_Queue.axf
 
make --no-print-directory post-build
Performing post-build steps
arm-none-eabi-size "0305_Queue.axf"; # arm-none-eabi-objcopy -v -O binary "0305_Queue.axf" "0305_Queue.bin" ; # checksum -p MK64FN1M0xxx12 -d "0305_Queue.bin";
   text	   data	    bss	    dec	    hex	filename
  50072	     16	  19268	  69356	  10eec	0305_Queue.axf
 
22:07:20 **** Incremental Build of configuration Debug for project 0305_Queue ****
make -r -j4 all 
make: Nothing to be done for `all'.
22:08:00 **** Incremental Build of configuration Debug for project 0305_Queue ****
make -r -j4 all 
Building file: ../source/0305_Queue.c
Invoking: MCU C Compiler
arm-none-eabi-gcc -D__REDLIB__ -DPRINTF_FLOAT_ENABLE=0 -D__USE_CMSIS -DCR_INTEGER_PRINTF -DSDK_DEBUGCONSOLE=1 -D__MCUXPRESSO -DDEBUG -DSDK_OS_FREE_RTOS -DFSL_RTOS_FREE_RTOS -DCPU_MK64FN1M0VLL12 -DCPU_MK64FN1M0VLL12_cm4 -I"C:\SEBM\SEBMII\0305_Queue\board" -I"C:\SEBM\SEBMII\0305_Queue\source" -I"C:\SEBM\SEBMII\0305_Queue" -I"C:\SEBM\SEBMII\0305_Queue\freertos\include" -I"C:\SEBM\SEBMII\0305_Queue\freertos\portable" -I"C:\SEBM\SEBMII\0305_Queue\drivers" -I"C:\SEBM\SEBMII\0305_Queue\CMSIS" -I"C:\SEBM\SEBMII\0305_Queue\utilities" -I"C:\SEBM\SEBMII\0305_Queue\startup" -O0 -fno-common -g3 -Wall -c -fmessage-length=0 -mcpu=cortex-m4 -mfpu=fpv4-sp-d16 -mfloat-abi=hard -mthumb -D__REDLIB__ -specs=redlib.specs -MMD -MP -MF"source/0305_Queue.d" -MT"source/0305_Queue.o" -MT"source/0305_Queue.d" -o "source/0305_Queue.o" "../source/0305_Queue.c"
Finished building: ../source/0305_Queue.c
 
Building target: 0305_Queue.axf
Invoking: MCU Linker
arm-none-eabi-gcc -nostdlib -Xlinker -print-memory-usage -Xlinker --gc-sections -Xlinker -Map="0305_Queue.map" -mcpu=cortex-m4 -mfpu=fpv4-sp-d16 -mfloat-abi=hard -mthumb -T 0305_Queue_Debug.ld -o "0305_Queue.axf"  ./utilities/fsl_debug_console.o ./utilities/fsl_io.o ./utilities/fsl_log.o ./utilities/fsl_str.o  ./startup/startup_mk64f12.o  ./source/0305_Queue.o ./source/semihost_hardfault.o  ./freertos/source/croutine.o ./freertos/source/event_groups.o ./freertos/source/list.o ./freertos/source/queue.o ./freertos/source/tasks.o ./freertos/source/timers.o  ./freertos/portable/fsl_tickless_systick.o ./freertos/portable/heap_4.o ./freertos/portable/port.o  ./drivers/fsl_clock.o ./drivers/fsl_common.o ./drivers/fsl_flash.o ./drivers/fsl_gpio.o ./drivers/fsl_smc.o ./drivers/fsl_uart.o  ./board/board.o ./board/clock_config.o ./board/peripherals.o ./board/pin_mux.o  ./CMSIS/system_MK64F12.o   
Memory region         Used Size  Region Size  %age Used
   PROGRAM_FLASH:       50088 B         1 MB      4.78%
      SRAM_UPPER:       19284 B       192 KB      9.81%
      SRAM_LOWER:          0 GB        64 KB      0.00%
        FLEX_RAM:          0 GB         4 KB      0.00%
Finished building target: 0305_Queue.axf
 
make --no-print-directory post-build
Performing post-build steps
arm-none-eabi-size "0305_Queue.axf"; # arm-none-eabi-objcopy -v -O binary "0305_Queue.axf" "0305_Queue.bin" ; # checksum -p MK64FN1M0xxx12 -d "0305_Queue.bin";
   text	   data	    bss	    dec	    hex	filename
  50072	     16	  19268	  69356	  10eec	0305_Queue.axf
 
22:08:02 **** Incremental Build of configuration Debug for project 0305_Queue ****
make -r -j4 all 
make: Nothing to be done for `all'.
22:10:23 **** Incremental Build of configuration Debug for project 0305_Queue ****
make -r -j4 all 
Building file: ../source/0305_Queue.c
Invoking: MCU C Compiler
arm-none-eabi-gcc -D__REDLIB__ -DPRINTF_FLOAT_ENABLE=0 -D__USE_CMSIS -DCR_INTEGER_PRINTF -DSDK_DEBUGCONSOLE=1 -D__MCUXPRESSO -DDEBUG -DSDK_OS_FREE_RTOS -DFSL_RTOS_FREE_RTOS -DCPU_MK64FN1M0VLL12 -DCPU_MK64FN1M0VLL12_cm4 -I"C:\SEBM\SEBMII\0305_Queue\board" -I"C:\SEBM\SEBMII\0305_Queue\source" -I"C:\SEBM\SEBMII\0305_Queue" -I"C:\SEBM\SEBMII\0305_Queue\freertos\include" -I"C:\SEBM\SEBMII\0305_Queue\freertos\portable" -I"C:\SEBM\SEBMII\0305_Queue\drivers" -I"C:\SEBM\SEBMII\0305_Queue\CMSIS" -I"C:\SEBM\SEBMII\0305_Queue\utilities" -I"C:\SEBM\SEBMII\0305_Queue\startup" -O0 -fno-common -g3 -Wall -c -fmessage-length=0 -mcpu=cortex-m4 -mfpu=fpv4-sp-d16 -mfloat-abi=hard -mthumb -D__REDLIB__ -specs=redlib.specs -MMD -MP -MF"source/0305_Queue.d" -MT"source/0305_Queue.o" -MT"source/0305_Queue.d" -o "source/0305_Queue.o" "../source/0305_Queue.c"
Finished building: ../source/0305_Queue.c
 
Building target: 0305_Queue.axf
Invoking: MCU Linker
arm-none-eabi-gcc -nostdlib -Xlinker -print-memory-usage -Xlinker --gc-sections -Xlinker -Map="0305_Queue.map" -mcpu=cortex-m4 -mfpu=fpv4-sp-d16 -mfloat-abi=hard -mthumb -T 0305_Queue_Debug.ld -o "0305_Queue.axf"  ./utilities/fsl_debug_console.o ./utilities/fsl_io.o ./utilities/fsl_log.o ./utilities/fsl_str.o  ./startup/startup_mk64f12.o  ./source/0305_Queue.o ./source/semihost_hardfault.o  ./freertos/source/croutine.o ./freertos/source/event_groups.o ./freertos/source/list.o ./freertos/source/queue.o ./freertos/source/tasks.o ./freertos/source/timers.o  ./freertos/portable/fsl_tickless_systick.o ./freertos/portable/heap_4.o ./freertos/portable/port.o  ./drivers/fsl_clock.o ./drivers/fsl_common.o ./drivers/fsl_flash.o ./drivers/fsl_gpio.o ./drivers/fsl_smc.o ./drivers/fsl_uart.o  ./board/board.o ./board/clock_config.o ./board/peripherals.o ./board/pin_mux.o  ./CMSIS/system_MK64F12.o   
Memory region         Used Size  Region Size  %age Used
   PROGRAM_FLASH:       50088 B         1 MB      4.78%
      SRAM_UPPER:       19284 B       192 KB      9.81%
      SRAM_LOWER:          0 GB        64 KB      0.00%
        FLEX_RAM:          0 GB         4 KB      0.00%
Finished building target: 0305_Queue.axf
 
make --no-print-directory post-build
Performing post-build steps
arm-none-eabi-size "0305_Queue.axf"; # arm-none-eabi-objcopy -v -O binary "0305_Queue.axf" "0305_Queue.bin" ; # checksum -p MK64FN1M0xxx12 -d "0305_Queue.bin";
   text	   data	    bss	    dec	    hex	filename
  50072	     16	  19268	  69356	  10eec	0305_Queue.axf
 
22:10:25 **** Incremental Build of configuration Debug for project 0305_Queue ****
make -r -j4 all 
make: Nothing to be done for `all'.
22:11:34 **** Incremental Build of configuration Debug for project 0305_Queue ****
make -r -j4 all 
make: Nothing to be done for `all'.
22:11:35 **** Incremental Build of configuration Debug for project 0305_Queue ****
make -r -j4 all 
make: Nothing to be done for `all'.
22:12:09 **** Incremental Build of configuration Debug for project 0305_Queue ****
make -r -j4 all 
Building file: ../source/0305_Queue.c
Invoking: MCU C Compiler
arm-none-eabi-gcc -D__REDLIB__ -DPRINTF_FLOAT_ENABLE=0 -D__USE_CMSIS -DCR_INTEGER_PRINTF -DSDK_DEBUGCONSOLE=1 -D__MCUXPRESSO -DDEBUG -DSDK_OS_FREE_RTOS -DFSL_RTOS_FREE_RTOS -DCPU_MK64FN1M0VLL12 -DCPU_MK64FN1M0VLL12_cm4 -I"C:\SEBM\SEBMII\0305_Queue\board" -I"C:\SEBM\SEBMII\0305_Queue\source" -I"C:\SEBM\SEBMII\0305_Queue" -I"C:\SEBM\SEBMII\0305_Queue\freertos\include" -I"C:\SEBM\SEBMII\0305_Queue\freertos\portable" -I"C:\SEBM\SEBMII\0305_Queue\drivers" -I"C:\SEBM\SEBMII\0305_Queue\CMSIS" -I"C:\SEBM\SEBMII\0305_Queue\utilities" -I"C:\SEBM\SEBMII\0305_Queue\startup" -O0 -fno-common -g3 -Wall -c -fmessage-length=0 -mcpu=cortex-m4 -mfpu=fpv4-sp-d16 -mfloat-abi=hard -mthumb -D__REDLIB__ -specs=redlib.specs -MMD -MP -MF"source/0305_Queue.d" -MT"source/0305_Queue.o" -MT"source/0305_Queue.d" -o "source/0305_Queue.o" "../source/0305_Queue.c"
Finished building: ../source/0305_Queue.c
 
Building target: 0305_Queue.axf
Invoking: MCU Linker
arm-none-eabi-gcc -nostdlib -Xlinker -print-memory-usage -Xlinker --gc-sections -Xlinker -Map="0305_Queue.map" -mcpu=cortex-m4 -mfpu=fpv4-sp-d16 -mfloat-abi=hard -mthumb -T 0305_Queue_Debug.ld -o "0305_Queue.axf"  ./utilities/fsl_debug_console.o ./utilities/fsl_io.o ./utilities/fsl_log.o ./utilities/fsl_str.o  ./startup/startup_mk64f12.o  ./source/0305_Queue.o ./source/semihost_hardfault.o  ./freertos/source/croutine.o ./freertos/source/event_groups.o ./freertos/source/list.o ./freertos/source/queue.o ./freertos/source/tasks.o ./freertos/source/timers.o  ./freertos/portable/fsl_tickless_systick.o ./freertos/portable/heap_4.o ./freertos/portable/port.o  ./drivers/fsl_clock.o ./drivers/fsl_common.o ./drivers/fsl_flash.o ./drivers/fsl_gpio.o ./drivers/fsl_smc.o ./drivers/fsl_uart.o  ./board/board.o ./board/clock_config.o ./board/peripherals.o ./board/pin_mux.o  ./CMSIS/system_MK64F12.o   
Memory region         Used Size  Region Size  %age Used
   PROGRAM_FLASH:       50088 B         1 MB      4.78%
      SRAM_UPPER:       19284 B       192 KB      9.81%
      SRAM_LOWER:          0 GB        64 KB      0.00%
        FLEX_RAM:          0 GB         4 KB      0.00%
Finished building target: 0305_Queue.axf
 
make --no-print-directory post-build
Performing post-build steps
arm-none-eabi-size "0305_Queue.axf"; # arm-none-eabi-objcopy -v -O binary "0305_Queue.axf" "0305_Queue.bin" ; # checksum -p MK64FN1M0xxx12 -d "0305_Queue.bin";
   text	   data	    bss	    dec	    hex	filename
  50072	     16	  19268	  69356	  10eec	0305_Queue.axf
 
22:12:12 **** Incremental Build of configuration Debug for project 0305_Queue ****
make -r -j4 all 
make: Nothing to be done for `all'.
22:12:57 **** Incremental Build of configuration Debug for project 0305_Queue ****
make -r -j4 all 
Building file: ../source/0305_Queue.c
Invoking: MCU C Compiler
arm-none-eabi-gcc -D__REDLIB__ -DPRINTF_FLOAT_ENABLE=0 -D__USE_CMSIS -DCR_INTEGER_PRINTF -DSDK_DEBUGCONSOLE=1 -D__MCUXPRESSO -DDEBUG -DSDK_OS_FREE_RTOS -DFSL_RTOS_FREE_RTOS -DCPU_MK64FN1M0VLL12 -DCPU_MK64FN1M0VLL12_cm4 -I"C:\SEBM\SEBMII\0305_Queue\board" -I"C:\SEBM\SEBMII\0305_Queue\source" -I"C:\SEBM\SEBMII\0305_Queue" -I"C:\SEBM\SEBMII\0305_Queue\freertos\include" -I"C:\SEBM\SEBMII\0305_Queue\freertos\portable" -I"C:\SEBM\SEBMII\0305_Queue\drivers" -I"C:\SEBM\SEBMII\0305_Queue\CMSIS" -I"C:\SEBM\SEBMII\0305_Queue\utilities" -I"C:\SEBM\SEBMII\0305_Queue\startup" -O0 -fno-common -g3 -Wall -c -fmessage-length=0 -mcpu=cortex-m4 -mfpu=fpv4-sp-d16 -mfloat-abi=hard -mthumb -D__REDLIB__ -specs=redlib.specs -MMD -MP -MF"source/0305_Queue.d" -MT"source/0305_Queue.o" -MT"source/0305_Queue.d" -o "source/0305_Queue.o" "../source/0305_Queue.c"
Finished building: ../source/0305_Queue.c
 
Building target: 0305_Queue.axf
Invoking: MCU Linker
arm-none-eabi-gcc -nostdlib -Xlinker -print-memory-usage -Xlinker --gc-sections -Xlinker -Map="0305_Queue.map" -mcpu=cortex-m4 -mfpu=fpv4-sp-d16 -mfloat-abi=hard -mthumb -T 0305_Queue_Debug.ld -o "0305_Queue.axf"  ./utilities/fsl_debug_console.o ./utilities/fsl_io.o ./utilities/fsl_log.o ./utilities/fsl_str.o  ./startup/startup_mk64f12.o  ./source/0305_Queue.o ./source/semihost_hardfault.o  ./freertos/source/croutine.o ./freertos/source/event_groups.o ./freertos/source/list.o ./freertos/source/queue.o ./freertos/source/tasks.o ./freertos/source/timers.o  ./freertos/portable/fsl_tickless_systick.o ./freertos/portable/heap_4.o ./freertos/portable/port.o  ./drivers/fsl_clock.o ./drivers/fsl_common.o ./drivers/fsl_flash.o ./drivers/fsl_gpio.o ./drivers/fsl_smc.o ./drivers/fsl_uart.o  ./board/board.o ./board/clock_config.o ./board/peripherals.o ./board/pin_mux.o  ./CMSIS/system_MK64F12.o   
Memory region         Used Size  Region Size  %age Used
   PROGRAM_FLASH:       50088 B         1 MB      4.78%
      SRAM_UPPER:       19284 B       192 KB      9.81%
      SRAM_LOWER:          0 GB        64 KB      0.00%
        FLEX_RAM:          0 GB         4 KB      0.00%
Finished building target: 0305_Queue.axf
 
make --no-print-directory post-build
Performing post-build steps
arm-none-eabi-size "0305_Queue.axf"; # arm-none-eabi-objcopy -v -O binary "0305_Queue.axf" "0305_Queue.bin" ; # checksum -p MK64FN1M0xxx12 -d "0305_Queue.bin";
   text	   data	    bss	    dec	    hex	filename
  50072	     16	  19268	  69356	  10eec	0305_Queue.axf
 
22:13:00 **** Incremental Build of configuration Debug for project 0305_Queue ****
make -r -j4 all 
make: Nothing to be done for `all'.
22:13:37 **** Incremental Build of configuration Debug for project 0305_Queue ****
make -r -j4 all 
Building file: ../source/0305_Queue.c
Invoking: MCU C Compiler
arm-none-eabi-gcc -D__REDLIB__ -DPRINTF_FLOAT_ENABLE=0 -D__USE_CMSIS -DCR_INTEGER_PRINTF -DSDK_DEBUGCONSOLE=1 -D__MCUXPRESSO -DDEBUG -DSDK_OS_FREE_RTOS -DFSL_RTOS_FREE_RTOS -DCPU_MK64FN1M0VLL12 -DCPU_MK64FN1M0VLL12_cm4 -I"C:\SEBM\SEBMII\0305_Queue\board" -I"C:\SEBM\SEBMII\0305_Queue\source" -I"C:\SEBM\SEBMII\0305_Queue" -I"C:\SEBM\SEBMII\0305_Queue\freertos\include" -I"C:\SEBM\SEBMII\0305_Queue\freertos\portable" -I"C:\SEBM\SEBMII\0305_Queue\drivers" -I"C:\SEBM\SEBMII\0305_Queue\CMSIS" -I"C:\SEBM\SEBMII\0305_Queue\utilities" -I"C:\SEBM\SEBMII\0305_Queue\startup" -O0 -fno-common -g3 -Wall -c -fmessage-length=0 -mcpu=cortex-m4 -mfpu=fpv4-sp-d16 -mfloat-abi=hard -mthumb -D__REDLIB__ -specs=redlib.specs -MMD -MP -MF"source/0305_Queue.d" -MT"source/0305_Queue.o" -MT"source/0305_Queue.d" -o "source/0305_Queue.o" "../source/0305_Queue.c"
Finished building: ../source/0305_Queue.c
 
Building target: 0305_Queue.axf
Invoking: MCU Linker
arm-none-eabi-gcc -nostdlib -Xlinker -print-memory-usage -Xlinker --gc-sections -Xlinker -Map="0305_Queue.map" -mcpu=cortex-m4 -mfpu=fpv4-sp-d16 -mfloat-abi=hard -mthumb -T 0305_Queue_Debug.ld -o "0305_Queue.axf"  ./utilities/fsl_debug_console.o ./utilities/fsl_io.o ./utilities/fsl_log.o ./utilities/fsl_str.o  ./startup/startup_mk64f12.o  ./source/0305_Queue.o ./source/semihost_hardfault.o  ./freertos/source/croutine.o ./freertos/source/event_groups.o ./freertos/source/list.o ./freertos/source/queue.o ./freertos/source/tasks.o ./freertos/source/timers.o  ./freertos/portable/fsl_tickless_systick.o ./freertos/portable/heap_4.o ./freertos/portable/port.o  ./drivers/fsl_clock.o ./drivers/fsl_common.o ./drivers/fsl_flash.o ./drivers/fsl_gpio.o ./drivers/fsl_smc.o ./drivers/fsl_uart.o  ./board/board.o ./board/clock_config.o ./board/peripherals.o ./board/pin_mux.o  ./CMSIS/system_MK64F12.o   
Memory region         Used Size  Region Size  %age Used
   PROGRAM_FLASH:       50088 B         1 MB      4.78%
      SRAM_UPPER:       19284 B       192 KB      9.81%
      SRAM_LOWER:          0 GB        64 KB      0.00%
        FLEX_RAM:          0 GB         4 KB      0.00%
Finished building target: 0305_Queue.axf
 
make --no-print-directory post-build
Performing post-build steps
arm-none-eabi-size "0305_Queue.axf"; # arm-none-eabi-objcopy -v -O binary "0305_Queue.axf" "0305_Queue.bin" ; # checksum -p MK64FN1M0xxx12 -d "0305_Queue.bin";
   text	   data	    bss	    dec	    hex	filename
  50072	     16	  19268	  69356	  10eec	0305_Queue.axf
 
22:13:39 **** Incremental Build of configuration Debug for project 0305_Queue ****
make -r -j4 all 
make: Nothing to be done for `all'.
22:14:27 **** Incremental Build of configuration Debug for project 0305_Queue ****
make -r -j4 all 
Building file: ../source/0305_Queue.c
Invoking: MCU C Compiler
arm-none-eabi-gcc -D__REDLIB__ -DPRINTF_FLOAT_ENABLE=0 -D__USE_CMSIS -DCR_INTEGER_PRINTF -DSDK_DEBUGCONSOLE=1 -D__MCUXPRESSO -DDEBUG -DSDK_OS_FREE_RTOS -DFSL_RTOS_FREE_RTOS -DCPU_MK64FN1M0VLL12 -DCPU_MK64FN1M0VLL12_cm4 -I"C:\SEBM\SEBMII\0305_Queue\board" -I"C:\SEBM\SEBMII\0305_Queue\source" -I"C:\SEBM\SEBMII\0305_Queue" -I"C:\SEBM\SEBMII\0305_Queue\freertos\include" -I"C:\SEBM\SEBMII\0305_Queue\freertos\portable" -I"C:\SEBM\SEBMII\0305_Queue\drivers" -I"C:\SEBM\SEBMII\0305_Queue\CMSIS" -I"C:\SEBM\SEBMII\0305_Queue\utilities" -I"C:\SEBM\SEBMII\0305_Queue\startup" -O0 -fno-common -g3 -Wall -c -fmessage-length=0 -mcpu=cortex-m4 -mfpu=fpv4-sp-d16 -mfloat-abi=hard -mthumb -D__REDLIB__ -specs=redlib.specs -MMD -MP -MF"source/0305_Queue.d" -MT"source/0305_Queue.o" -MT"source/0305_Queue.d" -o "source/0305_Queue.o" "../source/0305_Queue.c"
Finished building: ../source/0305_Queue.c
 
Building target: 0305_Queue.axf
Invoking: MCU Linker
arm-none-eabi-gcc -nostdlib -Xlinker -print-memory-usage -Xlinker --gc-sections -Xlinker -Map="0305_Queue.map" -mcpu=cortex-m4 -mfpu=fpv4-sp-d16 -mfloat-abi=hard -mthumb -T 0305_Queue_Debug.ld -o "0305_Queue.axf"  ./utilities/fsl_debug_console.o ./utilities/fsl_io.o ./utilities/fsl_log.o ./utilities/fsl_str.o  ./startup/startup_mk64f12.o  ./source/0305_Queue.o ./source/semihost_hardfault.o  ./freertos/source/croutine.o ./freertos/source/event_groups.o ./freertos/source/list.o ./freertos/source/queue.o ./freertos/source/tasks.o ./freertos/source/timers.o  ./freertos/portable/fsl_tickless_systick.o ./freertos/portable/heap_4.o ./freertos/portable/port.o  ./drivers/fsl_clock.o ./drivers/fsl_common.o ./drivers/fsl_flash.o ./drivers/fsl_gpio.o ./drivers/fsl_smc.o ./drivers/fsl_uart.o  ./board/board.o ./board/clock_config.o ./board/peripherals.o ./board/pin_mux.o  ./CMSIS/system_MK64F12.o   
Memory region         Used Size  Region Size  %age Used
   PROGRAM_FLASH:       50088 B         1 MB      4.78%
      SRAM_UPPER:       19284 B       192 KB      9.81%
      SRAM_LOWER:          0 GB        64 KB      0.00%
        FLEX_RAM:          0 GB         4 KB      0.00%
Finished building target: 0305_Queue.axf
 
make --no-print-directory post-build
Performing post-build steps
arm-none-eabi-size "0305_Queue.axf"; # arm-none-eabi-objcopy -v -O binary "0305_Queue.axf" "0305_Queue.bin" ; # checksum -p MK64FN1M0xxx12 -d "0305_Queue.bin";
   text	   data	    bss	    dec	    hex	filename
  50072	     16	  19268	  69356	  10eec	0305_Queue.axf
 
22:14:30 **** Incremental Build of configuration Debug for project 0305_Queue ****
make -r -j4 all 
make: Nothing to be done for `all'.
22:15:00 **** Incremental Build of configuration Debug for project 0305_Queue ****
make -r -j4 all 
Building file: ../source/0305_Queue.c
Invoking: MCU C Compiler
arm-none-eabi-gcc -D__REDLIB__ -DPRINTF_FLOAT_ENABLE=0 -D__USE_CMSIS -DCR_INTEGER_PRINTF -DSDK_DEBUGCONSOLE=1 -D__MCUXPRESSO -DDEBUG -DSDK_OS_FREE_RTOS -DFSL_RTOS_FREE_RTOS -DCPU_MK64FN1M0VLL12 -DCPU_MK64FN1M0VLL12_cm4 -I"C:\SEBM\SEBMII\0305_Queue\board" -I"C:\SEBM\SEBMII\0305_Queue\source" -I"C:\SEBM\SEBMII\0305_Queue" -I"C:\SEBM\SEBMII\0305_Queue\freertos\include" -I"C:\SEBM\SEBMII\0305_Queue\freertos\portable" -I"C:\SEBM\SEBMII\0305_Queue\drivers" -I"C:\SEBM\SEBMII\0305_Queue\CMSIS" -I"C:\SEBM\SEBMII\0305_Queue\utilities" -I"C:\SEBM\SEBMII\0305_Queue\startup" -O0 -fno-common -g3 -Wall -c -fmessage-length=0 -mcpu=cortex-m4 -mfpu=fpv4-sp-d16 -mfloat-abi=hard -mthumb -D__REDLIB__ -specs=redlib.specs -MMD -MP -MF"source/0305_Queue.d" -MT"source/0305_Queue.o" -MT"source/0305_Queue.d" -o "source/0305_Queue.o" "../source/0305_Queue.c"
Finished building: ../source/0305_Queue.c
 
Building target: 0305_Queue.axf
Invoking: MCU Linker
arm-none-eabi-gcc -nostdlib -Xlinker -print-memory-usage -Xlinker --gc-sections -Xlinker -Map="0305_Queue.map" -mcpu=cortex-m4 -mfpu=fpv4-sp-d16 -mfloat-abi=hard -mthumb -T 0305_Queue_Debug.ld -o "0305_Queue.axf"  ./utilities/fsl_debug_console.o ./utilities/fsl_io.o ./utilities/fsl_log.o ./utilities/fsl_str.o  ./startup/startup_mk64f12.o  ./source/0305_Queue.o ./source/semihost_hardfault.o  ./freertos/source/croutine.o ./freertos/source/event_groups.o ./freertos/source/list.o ./freertos/source/queue.o ./freertos/source/tasks.o ./freertos/source/timers.o  ./freertos/portable/fsl_tickless_systick.o ./freertos/portable/heap_4.o ./freertos/portable/port.o  ./drivers/fsl_clock.o ./drivers/fsl_common.o ./drivers/fsl_flash.o ./drivers/fsl_gpio.o ./drivers/fsl_smc.o ./drivers/fsl_uart.o  ./board/board.o ./board/clock_config.o ./board/peripherals.o ./board/pin_mux.o  ./CMSIS/system_MK64F12.o   
Memory region         Used Size  Region Size  %age Used
   PROGRAM_FLASH:       50088 B         1 MB      4.78%
      SRAM_UPPER:       19284 B       192 KB      9.81%
      SRAM_LOWER:          0 GB        64 KB      0.00%
        FLEX_RAM:          0 GB         4 KB      0.00%
Finished building target: 0305_Queue.axf
 
make --no-print-directory post-build
Performing post-build steps
arm-none-eabi-size "0305_Queue.axf"; # arm-none-eabi-objcopy -v -O binary "0305_Queue.axf" "0305_Queue.bin" ; # checksum -p MK64FN1M0xxx12 -d "0305_Queue.bin";
   text	   data	    bss	    dec	    hex	filename
  50072	     16	  19268	  69356	  10eec	0305_Queue.axf
 
22:15:03 **** Incremental Build of configuration Debug for project 0305_Queue ****
make -r -j4 all 
make: Nothing to be done for `all'.
22:18:17 **** Incremental Build of configuration Debug for project 0305_Queue ****
make -r -j4 all 
Building file: ../source/0305_Queue.c
Invoking: MCU C Compiler
arm-none-eabi-gcc -D__REDLIB__ -DPRINTF_FLOAT_ENABLE=0 -D__USE_CMSIS -DCR_INTEGER_PRINTF -DSDK_DEBUGCONSOLE=1 -D__MCUXPRESSO -DDEBUG -DSDK_OS_FREE_RTOS -DFSL_RTOS_FREE_RTOS -DCPU_MK64FN1M0VLL12 -DCPU_MK64FN1M0VLL12_cm4 -I"C:\SEBM\SEBMII\0305_Queue\board" -I"C:\SEBM\SEBMII\0305_Queue\source" -I"C:\SEBM\SEBMII\0305_Queue" -I"C:\SEBM\SEBMII\0305_Queue\freertos\include" -I"C:\SEBM\SEBMII\0305_Queue\freertos\portable" -I"C:\SEBM\SEBMII\0305_Queue\drivers" -I"C:\SEBM\SEBMII\0305_Queue\CMSIS" -I"C:\SEBM\SEBMII\0305_Queue\utilities" -I"C:\SEBM\SEBMII\0305_Queue\startup" -O0 -fno-common -g3 -Wall -c -fmessage-length=0 -mcpu=cortex-m4 -mfpu=fpv4-sp-d16 -mfloat-abi=hard -mthumb -D__REDLIB__ -specs=redlib.specs -MMD -MP -MF"source/0305_Queue.d" -MT"source/0305_Queue.o" -MT"source/0305_Queue.d" -o "source/0305_Queue.o" "../source/0305_Queue.c"
Finished building: ../source/0305_Queue.c
 
Building target: 0305_Queue.axf
Invoking: MCU Linker
arm-none-eabi-gcc -nostdlib -Xlinker -print-memory-usage -Xlinker --gc-sections -Xlinker -Map="0305_Queue.map" -mcpu=cortex-m4 -mfpu=fpv4-sp-d16 -mfloat-abi=hard -mthumb -T 0305_Queue_Debug.ld -o "0305_Queue.axf"  ./utilities/fsl_debug_console.o ./utilities/fsl_io.o ./utilities/fsl_log.o ./utilities/fsl_str.o  ./startup/startup_mk64f12.o  ./source/0305_Queue.o ./source/semihost_hardfault.o  ./freertos/source/croutine.o ./freertos/source/event_groups.o ./freertos/source/list.o ./freertos/source/queue.o ./freertos/source/tasks.o ./freertos/source/timers.o  ./freertos/portable/fsl_tickless_systick.o ./freertos/portable/heap_4.o ./freertos/portable/port.o  ./drivers/fsl_clock.o ./drivers/fsl_common.o ./drivers/fsl_flash.o ./drivers/fsl_gpio.o ./drivers/fsl_smc.o ./drivers/fsl_uart.o  ./board/board.o ./board/clock_config.o ./board/peripherals.o ./board/pin_mux.o  ./CMSIS/system_MK64F12.o   
Memory region         Used Size  Region Size  %age Used
   PROGRAM_FLASH:       50088 B         1 MB      4.78%
      SRAM_UPPER:       19284 B       192 KB      9.81%
      SRAM_LOWER:          0 GB        64 KB      0.00%
        FLEX_RAM:          0 GB         4 KB      0.00%
Finished building target: 0305_Queue.axf
 
make --no-print-directory post-build
Performing post-build steps
arm-none-eabi-size "0305_Queue.axf"; # arm-none-eabi-objcopy -v -O binary "0305_Queue.axf" "0305_Queue.bin" ; # checksum -p MK64FN1M0xxx12 -d "0305_Queue.bin";
   text	   data	    bss	    dec	    hex	filename
  50072	     16	  19268	  69356	  10eec	0305_Queue.axf
 
22:18:20 **** Incremental Build of configuration Debug for project 0305_Queue ****
make -r -j4 all 
make: Nothing to be done for `all'.
22:19:09 **** Incremental Build of configuration Debug for project 0305_Queue ****
make -r -j4 all 
Building file: ../source/0305_Queue.c
Invoking: MCU C Compiler
arm-none-eabi-gcc -D__REDLIB__ -DPRINTF_FLOAT_ENABLE=0 -D__USE_CMSIS -DCR_INTEGER_PRINTF -DSDK_DEBUGCONSOLE=1 -D__MCUXPRESSO -DDEBUG -DSDK_OS_FREE_RTOS -DFSL_RTOS_FREE_RTOS -DCPU_MK64FN1M0VLL12 -DCPU_MK64FN1M0VLL12_cm4 -I"C:\SEBM\SEBMII\0305_Queue\board" -I"C:\SEBM\SEBMII\0305_Queue\source" -I"C:\SEBM\SEBMII\0305_Queue" -I"C:\SEBM\SEBMII\0305_Queue\freertos\include" -I"C:\SEBM\SEBMII\0305_Queue\freertos\portable" -I"C:\SEBM\SEBMII\0305_Queue\drivers" -I"C:\SEBM\SEBMII\0305_Queue\CMSIS" -I"C:\SEBM\SEBMII\0305_Queue\utilities" -I"C:\SEBM\SEBMII\0305_Queue\startup" -O0 -fno-common -g3 -Wall -c -fmessage-length=0 -mcpu=cortex-m4 -mfpu=fpv4-sp-d16 -mfloat-abi=hard -mthumb -D__REDLIB__ -specs=redlib.specs -MMD -MP -MF"source/0305_Queue.d" -MT"source/0305_Queue.o" -MT"source/0305_Queue.d" -o "source/0305_Queue.o" "../source/0305_Queue.c"
Finished building: ../source/0305_Queue.c
 
Building target: 0305_Queue.axf
Invoking: MCU Linker
arm-none-eabi-gcc -nostdlib -Xlinker -print-memory-usage -Xlinker --gc-sections -Xlinker -Map="0305_Queue.map" -mcpu=cortex-m4 -mfpu=fpv4-sp-d16 -mfloat-abi=hard -mthumb -T 0305_Queue_Debug.ld -o "0305_Queue.axf"  ./utilities/fsl_debug_console.o ./utilities/fsl_io.o ./utilities/fsl_log.o ./utilities/fsl_str.o  ./startup/startup_mk64f12.o  ./source/0305_Queue.o ./source/semihost_hardfault.o  ./freertos/source/croutine.o ./freertos/source/event_groups.o ./freertos/source/list.o ./freertos/source/queue.o ./freertos/source/tasks.o ./freertos/source/timers.o  ./freertos/portable/fsl_tickless_systick.o ./freertos/portable/heap_4.o ./freertos/portable/port.o  ./drivers/fsl_clock.o ./drivers/fsl_common.o ./drivers/fsl_flash.o ./drivers/fsl_gpio.o ./drivers/fsl_smc.o ./drivers/fsl_uart.o  ./board/board.o ./board/clock_config.o ./board/peripherals.o ./board/pin_mux.o  ./CMSIS/system_MK64F12.o   
Memory region         Used Size  Region Size  %age Used
   PROGRAM_FLASH:       50088 B         1 MB      4.78%
      SRAM_UPPER:       19284 B       192 KB      9.81%
      SRAM_LOWER:          0 GB        64 KB      0.00%
        FLEX_RAM:          0 GB         4 KB      0.00%
Finished building target: 0305_Queue.axf
 
make --no-print-directory post-build
Performing post-build steps
arm-none-eabi-size "0305_Queue.axf"; # arm-none-eabi-objcopy -v -O binary "0305_Queue.axf" "0305_Queue.bin" ; # checksum -p MK64FN1M0xxx12 -d "0305_Queue.bin";
   text	   data	    bss	    dec	    hex	filename
  50072	     16	  19268	  69356	  10eec	0305_Queue.axf
 
22:19:12 **** Incremental Build of configuration Debug for project 0305_Queue ****
make -r -j4 all 
make: Nothing to be done for `all'.
22:22:03 **** Incremental Build of configuration Debug for project 0305_Queue ****
make -r -j4 all 
Building file: ../source/0305_Queue.c
Invoking: MCU C Compiler
arm-none-eabi-gcc -D__REDLIB__ -DPRINTF_FLOAT_ENABLE=0 -D__USE_CMSIS -DCR_INTEGER_PRINTF -DSDK_DEBUGCONSOLE=1 -D__MCUXPRESSO -DDEBUG -DSDK_OS_FREE_RTOS -DFSL_RTOS_FREE_RTOS -DCPU_MK64FN1M0VLL12 -DCPU_MK64FN1M0VLL12_cm4 -I"C:\SEBM\SEBMII\0305_Queue\board" -I"C:\SEBM\SEBMII\0305_Queue\source" -I"C:\SEBM\SEBMII\0305_Queue" -I"C:\SEBM\SEBMII\0305_Queue\freertos\include" -I"C:\SEBM\SEBMII\0305_Queue\freertos\portable" -I"C:\SEBM\SEBMII\0305_Queue\drivers" -I"C:\SEBM\SEBMII\0305_Queue\CMSIS" -I"C:\SEBM\SEBMII\0305_Queue\utilities" -I"C:\SEBM\SEBMII\0305_Queue\startup" -O0 -fno-common -g3 -Wall -c -fmessage-length=0 -mcpu=cortex-m4 -mfpu=fpv4-sp-d16 -mfloat-abi=hard -mthumb -D__REDLIB__ -specs=redlib.specs -MMD -MP -MF"source/0305_Queue.d" -MT"source/0305_Queue.o" -MT"source/0305_Queue.d" -o "source/0305_Queue.o" "../source/0305_Queue.c"
Finished building: ../source/0305_Queue.c
 
Building target: 0305_Queue.axf
Invoking: MCU Linker
arm-none-eabi-gcc -nostdlib -Xlinker -print-memory-usage -Xlinker --gc-sections -Xlinker -Map="0305_Queue.map" -mcpu=cortex-m4 -mfpu=fpv4-sp-d16 -mfloat-abi=hard -mthumb -T 0305_Queue_Debug.ld -o "0305_Queue.axf"  ./utilities/fsl_debug_console.o ./utilities/fsl_io.o ./utilities/fsl_log.o ./utilities/fsl_str.o  ./startup/startup_mk64f12.o  ./source/0305_Queue.o ./source/semihost_hardfault.o  ./freertos/source/croutine.o ./freertos/source/event_groups.o ./freertos/source/list.o ./freertos/source/queue.o ./freertos/source/tasks.o ./freertos/source/timers.o  ./freertos/portable/fsl_tickless_systick.o ./freertos/portable/heap_4.o ./freertos/portable/port.o  ./drivers/fsl_clock.o ./drivers/fsl_common.o ./drivers/fsl_flash.o ./drivers/fsl_gpio.o ./drivers/fsl_smc.o ./drivers/fsl_uart.o  ./board/board.o ./board/clock_config.o ./board/peripherals.o ./board/pin_mux.o  ./CMSIS/system_MK64F12.o   
Memory region         Used Size  Region Size  %age Used
   PROGRAM_FLASH:       50088 B         1 MB      4.78%
      SRAM_UPPER:       19284 B       192 KB      9.81%
      SRAM_LOWER:          0 GB        64 KB      0.00%
        FLEX_RAM:          0 GB         4 KB      0.00%
Finished building target: 0305_Queue.axf
 
make --no-print-directory post-build
Performing post-build steps
arm-none-eabi-size "0305_Queue.axf"; # arm-none-eabi-objcopy -v -O binary "0305_Queue.axf" "0305_Queue.bin" ; # checksum -p MK64FN1M0xxx12 -d "0305_Queue.bin";
   text	   data	    bss	    dec	    hex	filename
  50072	     16	  19268	  69356	  10eec	0305_Queue.axf
 
22:22:06 **** Incremental Build of configuration Debug for project 0305_Queue ****
make -r -j4 all 
make: Nothing to be done for `all'.
22:24:15 **** Incremental Build of configuration Debug for project 0305_Queue ****
make -r -j4 all 
Building file: ../source/0305_Queue.c
Invoking: MCU C Compiler
arm-none-eabi-gcc -D__REDLIB__ -DPRINTF_FLOAT_ENABLE=0 -D__USE_CMSIS -DCR_INTEGER_PRINTF -DSDK_DEBUGCONSOLE=1 -D__MCUXPRESSO -DDEBUG -DSDK_OS_FREE_RTOS -DFSL_RTOS_FREE_RTOS -DCPU_MK64FN1M0VLL12 -DCPU_MK64FN1M0VLL12_cm4 -I"C:\SEBM\SEBMII\0305_Queue\board" -I"C:\SEBM\SEBMII\0305_Queue\source" -I"C:\SEBM\SEBMII\0305_Queue" -I"C:\SEBM\SEBMII\0305_Queue\freertos\include" -I"C:\SEBM\SEBMII\0305_Queue\freertos\portable" -I"C:\SEBM\SEBMII\0305_Queue\drivers" -I"C:\SEBM\SEBMII\0305_Queue\CMSIS" -I"C:\SEBM\SEBMII\0305_Queue\utilities" -I"C:\SEBM\SEBMII\0305_Queue\startup" -O0 -fno-common -g3 -Wall -c -fmessage-length=0 -mcpu=cortex-m4 -mfpu=fpv4-sp-d16 -mfloat-abi=hard -mthumb -D__REDLIB__ -specs=redlib.specs -MMD -MP -MF"source/0305_Queue.d" -MT"source/0305_Queue.o" -MT"source/0305_Queue.d" -o "source/0305_Queue.o" "../source/0305_Queue.c"
Finished building: ../source/0305_Queue.c
 
Building target: 0305_Queue.axf
Invoking: MCU Linker
arm-none-eabi-gcc -nostdlib -Xlinker -print-memory-usage -Xlinker --gc-sections -Xlinker -Map="0305_Queue.map" -mcpu=cortex-m4 -mfpu=fpv4-sp-d16 -mfloat-abi=hard -mthumb -T 0305_Queue_Debug.ld -o "0305_Queue.axf"  ./utilities/fsl_debug_console.o ./utilities/fsl_io.o ./utilities/fsl_log.o ./utilities/fsl_str.o  ./startup/startup_mk64f12.o  ./source/0305_Queue.o ./source/semihost_hardfault.o  ./freertos/source/croutine.o ./freertos/source/event_groups.o ./freertos/source/list.o ./freertos/source/queue.o ./freertos/source/tasks.o ./freertos/source/timers.o  ./freertos/portable/fsl_tickless_systick.o ./freertos/portable/heap_4.o ./freertos/portable/port.o  ./drivers/fsl_clock.o ./drivers/fsl_common.o ./drivers/fsl_flash.o ./drivers/fsl_gpio.o ./drivers/fsl_smc.o ./drivers/fsl_uart.o  ./board/board.o ./board/clock_config.o ./board/peripherals.o ./board/pin_mux.o  ./CMSIS/system_MK64F12.o   
Memory region         Used Size  Region Size  %age Used
   PROGRAM_FLASH:       50088 B         1 MB      4.78%
      SRAM_UPPER:       19284 B       192 KB      9.81%
      SRAM_LOWER:          0 GB        64 KB      0.00%
        FLEX_RAM:          0 GB         4 KB      0.00%
Finished building target: 0305_Queue.axf
 
make --no-print-directory post-build
Performing post-build steps
arm-none-eabi-size "0305_Queue.axf"; # arm-none-eabi-objcopy -v -O binary "0305_Queue.axf" "0305_Queue.bin" ; # checksum -p MK64FN1M0xxx12 -d "0305_Queue.bin";
   text	   data	    bss	    dec	    hex	filename
  50072	     16	  19268	  69356	  10eec	0305_Queue.axf
 
22:24:24 **** Incremental Build of configuration Debug for project 0305_Queue ****
make -r -j4 all 
make: Nothing to be done for `all'.
22:24:25 **** Incremental Build of configuration Debug for project 0305_Queue ****
make -r -j4 all 
make: Nothing to be done for `all'.
22:25:07 **** Incremental Build of configuration Debug for project 0305_Queue ****
make -r -j4 all 
Building file: ../source/0305_Queue.c
Invoking: MCU C Compiler
arm-none-eabi-gcc -D__REDLIB__ -DPRINTF_FLOAT_ENABLE=0 -D__USE_CMSIS -DCR_INTEGER_PRINTF -DSDK_DEBUGCONSOLE=1 -D__MCUXPRESSO -DDEBUG -DSDK_OS_FREE_RTOS -DFSL_RTOS_FREE_RTOS -DCPU_MK64FN1M0VLL12 -DCPU_MK64FN1M0VLL12_cm4 -I"C:\SEBM\SEBMII\0305_Queue\board" -I"C:\SEBM\SEBMII\0305_Queue\source" -I"C:\SEBM\SEBMII\0305_Queue" -I"C:\SEBM\SEBMII\0305_Queue\freertos\include" -I"C:\SEBM\SEBMII\0305_Queue\freertos\portable" -I"C:\SEBM\SEBMII\0305_Queue\drivers" -I"C:\SEBM\SEBMII\0305_Queue\CMSIS" -I"C:\SEBM\SEBMII\0305_Queue\utilities" -I"C:\SEBM\SEBMII\0305_Queue\startup" -O0 -fno-common -g3 -Wall -c -fmessage-length=0 -mcpu=cortex-m4 -mfpu=fpv4-sp-d16 -mfloat-abi=hard -mthumb -D__REDLIB__ -specs=redlib.specs -MMD -MP -MF"source/0305_Queue.d" -MT"source/0305_Queue.o" -MT"source/0305_Queue.d" -o "source/0305_Queue.o" "../source/0305_Queue.c"
Finished building: ../source/0305_Queue.c
 
Building target: 0305_Queue.axf
Invoking: MCU Linker
arm-none-eabi-gcc -nostdlib -Xlinker -print-memory-usage -Xlinker --gc-sections -Xlinker -Map="0305_Queue.map" -mcpu=cortex-m4 -mfpu=fpv4-sp-d16 -mfloat-abi=hard -mthumb -T 0305_Queue_Debug.ld -o "0305_Queue.axf"  ./utilities/fsl_debug_console.o ./utilities/fsl_io.o ./utilities/fsl_log.o ./utilities/fsl_str.o  ./startup/startup_mk64f12.o  ./source/0305_Queue.o ./source/semihost_hardfault.o  ./freertos/source/croutine.o ./freertos/source/event_groups.o ./freertos/source/list.o ./freertos/source/queue.o ./freertos/source/tasks.o ./freertos/source/timers.o  ./freertos/portable/fsl_tickless_systick.o ./freertos/portable/heap_4.o ./freertos/portable/port.o  ./drivers/fsl_clock.o ./drivers/fsl_common.o ./drivers/fsl_flash.o ./drivers/fsl_gpio.o ./drivers/fsl_smc.o ./drivers/fsl_uart.o  ./board/board.o ./board/clock_config.o ./board/peripherals.o ./board/pin_mux.o  ./CMSIS/system_MK64F12.o   
Memory region         Used Size  Region Size  %age Used
   PROGRAM_FLASH:       50088 B         1 MB      4.78%
      SRAM_UPPER:       19284 B       192 KB      9.81%
      SRAM_LOWER:          0 GB        64 KB      0.00%
        FLEX_RAM:          0 GB         4 KB      0.00%
Finished building target: 0305_Queue.axf
 
make --no-print-directory post-build
Performing post-build steps
arm-none-eabi-size "0305_Queue.axf"; # arm-none-eabi-objcopy -v -O binary "0305_Queue.axf" "0305_Queue.bin" ; # checksum -p MK64FN1M0xxx12 -d "0305_Queue.bin";
   text	   data	    bss	    dec	    hex	filename
  50072	     16	  19268	  69356	  10eec	0305_Queue.axf
 
22:25:09 **** Incremental Build of configuration Debug for project 0305_Queue ****
make -r -j4 all 
make: Nothing to be done for `all'.
22:25:44 **** Incremental Build of configuration Debug for project 0305_Queue ****
make -r -j4 all 
Building file: ../source/0305_Queue.c
Invoking: MCU C Compiler
arm-none-eabi-gcc -D__REDLIB__ -DPRINTF_FLOAT_ENABLE=0 -D__USE_CMSIS -DCR_INTEGER_PRINTF -DSDK_DEBUGCONSOLE=1 -D__MCUXPRESSO -DDEBUG -DSDK_OS_FREE_RTOS -DFSL_RTOS_FREE_RTOS -DCPU_MK64FN1M0VLL12 -DCPU_MK64FN1M0VLL12_cm4 -I"C:\SEBM\SEBMII\0305_Queue\board" -I"C:\SEBM\SEBMII\0305_Queue\source" -I"C:\SEBM\SEBMII\0305_Queue" -I"C:\SEBM\SEBMII\0305_Queue\freertos\include" -I"C:\SEBM\SEBMII\0305_Queue\freertos\portable" -I"C:\SEBM\SEBMII\0305_Queue\drivers" -I"C:\SEBM\SEBMII\0305_Queue\CMSIS" -I"C:\SEBM\SEBMII\0305_Queue\utilities" -I"C:\SEBM\SEBMII\0305_Queue\startup" -O0 -fno-common -g3 -Wall -c -fmessage-length=0 -mcpu=cortex-m4 -mfpu=fpv4-sp-d16 -mfloat-abi=hard -mthumb -D__REDLIB__ -specs=redlib.specs -MMD -MP -MF"source/0305_Queue.d" -MT"source/0305_Queue.o" -MT"source/0305_Queue.d" -o "source/0305_Queue.o" "../source/0305_Queue.c"
Finished building: ../source/0305_Queue.c
 
Building target: 0305_Queue.axf
Invoking: MCU Linker
arm-none-eabi-gcc -nostdlib -Xlinker -print-memory-usage -Xlinker --gc-sections -Xlinker -Map="0305_Queue.map" -mcpu=cortex-m4 -mfpu=fpv4-sp-d16 -mfloat-abi=hard -mthumb -T 0305_Queue_Debug.ld -o "0305_Queue.axf"  ./utilities/fsl_debug_console.o ./utilities/fsl_io.o ./utilities/fsl_log.o ./utilities/fsl_str.o  ./startup/startup_mk64f12.o  ./source/0305_Queue.o ./source/semihost_hardfault.o  ./freertos/source/croutine.o ./freertos/source/event_groups.o ./freertos/source/list.o ./freertos/source/queue.o ./freertos/source/tasks.o ./freertos/source/timers.o  ./freertos/portable/fsl_tickless_systick.o ./freertos/portable/heap_4.o ./freertos/portable/port.o  ./drivers/fsl_clock.o ./drivers/fsl_common.o ./drivers/fsl_flash.o ./drivers/fsl_gpio.o ./drivers/fsl_smc.o ./drivers/fsl_uart.o  ./board/board.o ./board/clock_config.o ./board/peripherals.o ./board/pin_mux.o  ./CMSIS/system_MK64F12.o   
Memory region         Used Size  Region Size  %age Used
   PROGRAM_FLASH:       50088 B         1 MB      4.78%
      SRAM_UPPER:       19284 B       192 KB      9.81%
      SRAM_LOWER:          0 GB        64 KB      0.00%
        FLEX_RAM:          0 GB         4 KB      0.00%
Finished building target: 0305_Queue.axf
 
make --no-print-directory post-build
Performing post-build steps
arm-none-eabi-size "0305_Queue.axf"; # arm-none-eabi-objcopy -v -O binary "0305_Queue.axf" "0305_Queue.bin" ; # checksum -p MK64FN1M0xxx12 -d "0305_Queue.bin";
   text	   data	    bss	    dec	    hex	filename
  50072	     16	  19268	  69356	  10eec	0305_Queue.axf
 
22:25:46 **** Incremental Build of configuration Debug for project 0305_Queue ****
make -r -j4 all 
make: Nothing to be done for `all'.
22:27:49 **** Incremental Build of configuration Debug for project 0305_Queue ****
make -r -j4 all 
Building file: ../source/0305_Queue.c
Invoking: MCU C Compiler
arm-none-eabi-gcc -D__REDLIB__ -DPRINTF_FLOAT_ENABLE=0 -D__USE_CMSIS -DCR_INTEGER_PRINTF -DSDK_DEBUGCONSOLE=1 -D__MCUXPRESSO -DDEBUG -DSDK_OS_FREE_RTOS -DFSL_RTOS_FREE_RTOS -DCPU_MK64FN1M0VLL12 -DCPU_MK64FN1M0VLL12_cm4 -I"C:\SEBM\SEBMII\0305_Queue\board" -I"C:\SEBM\SEBMII\0305_Queue\source" -I"C:\SEBM\SEBMII\0305_Queue" -I"C:\SEBM\SEBMII\0305_Queue\freertos\include" -I"C:\SEBM\SEBMII\0305_Queue\freertos\portable" -I"C:\SEBM\SEBMII\0305_Queue\drivers" -I"C:\SEBM\SEBMII\0305_Queue\CMSIS" -I"C:\SEBM\SEBMII\0305_Queue\utilities" -I"C:\SEBM\SEBMII\0305_Queue\startup" -O0 -fno-common -g3 -Wall -c -fmessage-length=0 -mcpu=cortex-m4 -mfpu=fpv4-sp-d16 -mfloat-abi=hard -mthumb -D__REDLIB__ -specs=redlib.specs -MMD -MP -MF"source/0305_Queue.d" -MT"source/0305_Queue.o" -MT"source/0305_Queue.d" -o "source/0305_Queue.o" "../source/0305_Queue.c"
Finished building: ../source/0305_Queue.c
 
Building target: 0305_Queue.axf
Invoking: MCU Linker
arm-none-eabi-gcc -nostdlib -Xlinker -print-memory-usage -Xlinker --gc-sections -Xlinker -Map="0305_Queue.map" -mcpu=cortex-m4 -mfpu=fpv4-sp-d16 -mfloat-abi=hard -mthumb -T 0305_Queue_Debug.ld -o "0305_Queue.axf"  ./utilities/fsl_debug_console.o ./utilities/fsl_io.o ./utilities/fsl_log.o ./utilities/fsl_str.o  ./startup/startup_mk64f12.o  ./source/0305_Queue.o ./source/semihost_hardfault.o  ./freertos/source/croutine.o ./freertos/source/event_groups.o ./freertos/source/list.o ./freertos/source/queue.o ./freertos/source/tasks.o ./freertos/source/timers.o  ./freertos/portable/fsl_tickless_systick.o ./freertos/portable/heap_4.o ./freertos/portable/port.o  ./drivers/fsl_clock.o ./drivers/fsl_common.o ./drivers/fsl_flash.o ./drivers/fsl_gpio.o ./drivers/fsl_smc.o ./drivers/fsl_uart.o  ./board/board.o ./board/clock_config.o ./board/peripherals.o ./board/pin_mux.o  ./CMSIS/system_MK64F12.o   
Memory region         Used Size  Region Size  %age Used
   PROGRAM_FLASH:       50088 B         1 MB      4.78%
      SRAM_UPPER:       19284 B       192 KB      9.81%
      SRAM_LOWER:          0 GB        64 KB      0.00%
        FLEX_RAM:          0 GB         4 KB      0.00%
Finished building target: 0305_Queue.axf
 
make --no-print-directory post-build
Performing post-build steps
arm-none-eabi-size "0305_Queue.axf"; # arm-none-eabi-objcopy -v -O binary "0305_Queue.axf" "0305_Queue.bin" ; # checksum -p MK64FN1M0xxx12 -d "0305_Queue.bin";
   text	   data	    bss	    dec	    hex	filename
  50072	     16	  19268	  69356	  10eec	0305_Queue.axf
 
22:27:52 **** Incremental Build of configuration Debug for project 0305_Queue ****
make -r -j4 all 
make: Nothing to be done for `all'.
22:28:31 **** Incremental Build of configuration Debug for project 0305_Queue ****
make -r -j4 all 
Building file: ../source/0305_Queue.c
Invoking: MCU C Compiler
arm-none-eabi-gcc -D__REDLIB__ -DPRINTF_FLOAT_ENABLE=0 -D__USE_CMSIS -DCR_INTEGER_PRINTF -DSDK_DEBUGCONSOLE=1 -D__MCUXPRESSO -DDEBUG -DSDK_OS_FREE_RTOS -DFSL_RTOS_FREE_RTOS -DCPU_MK64FN1M0VLL12 -DCPU_MK64FN1M0VLL12_cm4 -I"C:\SEBM\SEBMII\0305_Queue\board" -I"C:\SEBM\SEBMII\0305_Queue\source" -I"C:\SEBM\SEBMII\0305_Queue" -I"C:\SEBM\SEBMII\0305_Queue\freertos\include" -I"C:\SEBM\SEBMII\0305_Queue\freertos\portable" -I"C:\SEBM\SEBMII\0305_Queue\drivers" -I"C:\SEBM\SEBMII\0305_Queue\CMSIS" -I"C:\SEBM\SEBMII\0305_Queue\utilities" -I"C:\SEBM\SEBMII\0305_Queue\startup" -O0 -fno-common -g3 -Wall -c -fmessage-length=0 -mcpu=cortex-m4 -mfpu=fpv4-sp-d16 -mfloat-abi=hard -mthumb -D__REDLIB__ -specs=redlib.specs -MMD -MP -MF"source/0305_Queue.d" -MT"source/0305_Queue.o" -MT"source/0305_Queue.d" -o "source/0305_Queue.o" "../source/0305_Queue.c"
Finished building: ../source/0305_Queue.c
 
Building target: 0305_Queue.axf
Invoking: MCU Linker
arm-none-eabi-gcc -nostdlib -Xlinker -print-memory-usage -Xlinker --gc-sections -Xlinker -Map="0305_Queue.map" -mcpu=cortex-m4 -mfpu=fpv4-sp-d16 -mfloat-abi=hard -mthumb -T 0305_Queue_Debug.ld -o "0305_Queue.axf"  ./utilities/fsl_debug_console.o ./utilities/fsl_io.o ./utilities/fsl_log.o ./utilities/fsl_str.o  ./startup/startup_mk64f12.o  ./source/0305_Queue.o ./source/semihost_hardfault.o  ./freertos/source/croutine.o ./freertos/source/event_groups.o ./freertos/source/list.o ./freertos/source/queue.o ./freertos/source/tasks.o ./freertos/source/timers.o  ./freertos/portable/fsl_tickless_systick.o ./freertos/portable/heap_4.o ./freertos/portable/port.o  ./drivers/fsl_clock.o ./drivers/fsl_common.o ./drivers/fsl_flash.o ./drivers/fsl_gpio.o ./drivers/fsl_smc.o ./drivers/fsl_uart.o  ./board/board.o ./board/clock_config.o ./board/peripherals.o ./board/pin_mux.o  ./CMSIS/system_MK64F12.o   
Memory region         Used Size  Region Size  %age Used
   PROGRAM_FLASH:       50088 B         1 MB      4.78%
      SRAM_UPPER:       19284 B       192 KB      9.81%
      SRAM_LOWER:          0 GB        64 KB      0.00%
        FLEX_RAM:          0 GB         4 KB      0.00%
Finished building target: 0305_Queue.axf
 
make --no-print-directory post-build
Performing post-build steps
arm-none-eabi-size "0305_Queue.axf"; # arm-none-eabi-objcopy -v -O binary "0305_Queue.axf" "0305_Queue.bin" ; # checksum -p MK64FN1M0xxx12 -d "0305_Queue.bin";
   text	   data	    bss	    dec	    hex	filename
  50072	     16	  19268	  69356	  10eec	0305_Queue.axf
 
22:28:33 **** Incremental Build of configuration Debug for project 0305_Queue ****
make -r -j4 all 
make: Nothing to be done for `all'.
22:29:11 **** Incremental Build of configuration Debug for project 0305_Queue ****
make -r -j4 all 
Building file: ../source/0305_Queue.c
Invoking: MCU C Compiler
arm-none-eabi-gcc -D__REDLIB__ -DPRINTF_FLOAT_ENABLE=0 -D__USE_CMSIS -DCR_INTEGER_PRINTF -DSDK_DEBUGCONSOLE=1 -D__MCUXPRESSO -DDEBUG -DSDK_OS_FREE_RTOS -DFSL_RTOS_FREE_RTOS -DCPU_MK64FN1M0VLL12 -DCPU_MK64FN1M0VLL12_cm4 -I"C:\SEBM\SEBMII\0305_Queue\board" -I"C:\SEBM\SEBMII\0305_Queue\source" -I"C:\SEBM\SEBMII\0305_Queue" -I"C:\SEBM\SEBMII\0305_Queue\freertos\include" -I"C:\SEBM\SEBMII\0305_Queue\freertos\portable" -I"C:\SEBM\SEBMII\0305_Queue\drivers" -I"C:\SEBM\SEBMII\0305_Queue\CMSIS" -I"C:\SEBM\SEBMII\0305_Queue\utilities" -I"C:\SEBM\SEBMII\0305_Queue\startup" -O0 -fno-common -g3 -Wall -c -fmessage-length=0 -mcpu=cortex-m4 -mfpu=fpv4-sp-d16 -mfloat-abi=hard -mthumb -D__REDLIB__ -specs=redlib.specs -MMD -MP -MF"source/0305_Queue.d" -MT"source/0305_Queue.o" -MT"source/0305_Queue.d" -o "source/0305_Queue.o" "../source/0305_Queue.c"
Finished building: ../source/0305_Queue.c
 
Building target: 0305_Queue.axf
Invoking: MCU Linker
arm-none-eabi-gcc -nostdlib -Xlinker -print-memory-usage -Xlinker --gc-sections -Xlinker -Map="0305_Queue.map" -mcpu=cortex-m4 -mfpu=fpv4-sp-d16 -mfloat-abi=hard -mthumb -T 0305_Queue_Debug.ld -o "0305_Queue.axf"  ./utilities/fsl_debug_console.o ./utilities/fsl_io.o ./utilities/fsl_log.o ./utilities/fsl_str.o  ./startup/startup_mk64f12.o  ./source/0305_Queue.o ./source/semihost_hardfault.o  ./freertos/source/croutine.o ./freertos/source/event_groups.o ./freertos/source/list.o ./freertos/source/queue.o ./freertos/source/tasks.o ./freertos/source/timers.o  ./freertos/portable/fsl_tickless_systick.o ./freertos/portable/heap_4.o ./freertos/portable/port.o  ./drivers/fsl_clock.o ./drivers/fsl_common.o ./drivers/fsl_flash.o ./drivers/fsl_gpio.o ./drivers/fsl_smc.o ./drivers/fsl_uart.o  ./board/board.o ./board/clock_config.o ./board/peripherals.o ./board/pin_mux.o  ./CMSIS/system_MK64F12.o   
Memory region         Used Size  Region Size  %age Used
   PROGRAM_FLASH:       50088 B         1 MB      4.78%
      SRAM_UPPER:       19284 B       192 KB      9.81%
      SRAM_LOWER:          0 GB        64 KB      0.00%
        FLEX_RAM:          0 GB         4 KB      0.00%
Finished building target: 0305_Queue.axf
 
make --no-print-directory post-build
Performing post-build steps
arm-none-eabi-size "0305_Queue.axf"; # arm-none-eabi-objcopy -v -O binary "0305_Queue.axf" "0305_Queue.bin" ; # checksum -p MK64FN1M0xxx12 -d "0305_Queue.bin";
   text	   data	    bss	    dec	    hex	filename
  50072	     16	  19268	  69356	  10eec	0305_Queue.axf
 
22:29:13 **** Incremental Build of configuration Debug for project 0305_Queue ****
make -r -j4 all 
make: Nothing to be done for `all'.
22:29:21 **** Incremental Build of configuration Debug for project 0305_Queue ****
make -r -j4 all 
make: Nothing to be done for `all'.
22:29:30 **** Incremental Build of configuration Debug for project 0305_Queue ****
make -r -j4 all 
make: Nothing to be done for `all'.
22:29:31 **** Incremental Build of configuration Debug for project 0305_Queue ****
make -r -j4 all 
make: Nothing to be done for `all'.
22:29:37 **** Incremental Build of configuration Debug for project 0305_Queue ****
make -r -j4 all 
make: Nothing to be done for `all'.
22:30:55 **** Incremental Build of configuration Debug for project 0305_Queue ****
make -r -j4 all 
Building file: ../source/0305_Queue.c
Invoking: MCU C Compiler
arm-none-eabi-gcc -D__REDLIB__ -DPRINTF_FLOAT_ENABLE=0 -D__USE_CMSIS -DCR_INTEGER_PRINTF -DSDK_DEBUGCONSOLE=1 -D__MCUXPRESSO -DDEBUG -DSDK_OS_FREE_RTOS -DFSL_RTOS_FREE_RTOS -DCPU_MK64FN1M0VLL12 -DCPU_MK64FN1M0VLL12_cm4 -I"C:\SEBM\SEBMII\0305_Queue\board" -I"C:\SEBM\SEBMII\0305_Queue\source" -I"C:\SEBM\SEBMII\0305_Queue" -I"C:\SEBM\SEBMII\0305_Queue\freertos\include" -I"C:\SEBM\SEBMII\0305_Queue\freertos\portable" -I"C:\SEBM\SEBMII\0305_Queue\drivers" -I"C:\SEBM\SEBMII\0305_Queue\CMSIS" -I"C:\SEBM\SEBMII\0305_Queue\utilities" -I"C:\SEBM\SEBMII\0305_Queue\startup" -O0 -fno-common -g3 -Wall -c -fmessage-length=0 -mcpu=cortex-m4 -mfpu=fpv4-sp-d16 -mfloat-abi=hard -mthumb -D__REDLIB__ -specs=redlib.specs -MMD -MP -MF"source/0305_Queue.d" -MT"source/0305_Queue.o" -MT"source/0305_Queue.d" -o "source/0305_Queue.o" "../source/0305_Queue.c"
Finished building: ../source/0305_Queue.c
 
Building target: 0305_Queue.axf
Invoking: MCU Linker
arm-none-eabi-gcc -nostdlib -Xlinker -print-memory-usage -Xlinker --gc-sections -Xlinker -Map="0305_Queue.map" -mcpu=cortex-m4 -mfpu=fpv4-sp-d16 -mfloat-abi=hard -mthumb -T 0305_Queue_Debug.ld -o "0305_Queue.axf"  ./utilities/fsl_debug_console.o ./utilities/fsl_io.o ./utilities/fsl_log.o ./utilities/fsl_str.o  ./startup/startup_mk64f12.o  ./source/0305_Queue.o ./source/semihost_hardfault.o  ./freertos/source/croutine.o ./freertos/source/event_groups.o ./freertos/source/list.o ./freertos/source/queue.o ./freertos/source/tasks.o ./freertos/source/timers.o  ./freertos/portable/fsl_tickless_systick.o ./freertos/portable/heap_4.o ./freertos/portable/port.o  ./drivers/fsl_clock.o ./drivers/fsl_common.o ./drivers/fsl_flash.o ./drivers/fsl_gpio.o ./drivers/fsl_smc.o ./drivers/fsl_uart.o  ./board/board.o ./board/clock_config.o ./board/peripherals.o ./board/pin_mux.o  ./CMSIS/system_MK64F12.o   
Memory region         Used Size  Region Size  %age Used
   PROGRAM_FLASH:       50088 B         1 MB      4.78%
      SRAM_UPPER:       19284 B       192 KB      9.81%
      SRAM_LOWER:          0 GB        64 KB      0.00%
        FLEX_RAM:          0 GB         4 KB      0.00%
Finished building target: 0305_Queue.axf
 
make --no-print-directory post-build
Performing post-build steps
arm-none-eabi-size "0305_Queue.axf"; # arm-none-eabi-objcopy -v -O binary "0305_Queue.axf" "0305_Queue.bin" ; # checksum -p MK64FN1M0xxx12 -d "0305_Queue.bin";
   text	   data	    bss	    dec	    hex	filename
  50072	     16	  19268	  69356	  10eec	0305_Queue.axf
 
22:30:58 **** Incremental Build of configuration Debug for project 0305_Queue ****
make -r -j4 all 
make: Nothing to be done for `all'.
22:33:33 **** Incremental Build of configuration Debug for project 0305_Queue ****
make -r -j4 all 
Building file: ../source/0305_Queue.c
Invoking: MCU C Compiler
arm-none-eabi-gcc -D__REDLIB__ -DPRINTF_FLOAT_ENABLE=0 -D__USE_CMSIS -DCR_INTEGER_PRINTF -DSDK_DEBUGCONSOLE=1 -D__MCUXPRESSO -DDEBUG -DSDK_OS_FREE_RTOS -DFSL_RTOS_FREE_RTOS -DCPU_MK64FN1M0VLL12 -DCPU_MK64FN1M0VLL12_cm4 -I"C:\SEBM\SEBMII\0305_Queue\board" -I"C:\SEBM\SEBMII\0305_Queue\source" -I"C:\SEBM\SEBMII\0305_Queue" -I"C:\SEBM\SEBMII\0305_Queue\freertos\include" -I"C:\SEBM\SEBMII\0305_Queue\freertos\portable" -I"C:\SEBM\SEBMII\0305_Queue\drivers" -I"C:\SEBM\SEBMII\0305_Queue\CMSIS" -I"C:\SEBM\SEBMII\0305_Queue\utilities" -I"C:\SEBM\SEBMII\0305_Queue\startup" -O0 -fno-common -g3 -Wall -c -fmessage-length=0 -mcpu=cortex-m4 -mfpu=fpv4-sp-d16 -mfloat-abi=hard -mthumb -D__REDLIB__ -specs=redlib.specs -MMD -MP -MF"source/0305_Queue.d" -MT"source/0305_Queue.o" -MT"source/0305_Queue.d" -o "source/0305_Queue.o" "../source/0305_Queue.c"
Finished building: ../source/0305_Queue.c
 
Building target: 0305_Queue.axf
Invoking: MCU Linker
arm-none-eabi-gcc -nostdlib -Xlinker -print-memory-usage -Xlinker --gc-sections -Xlinker -Map="0305_Queue.map" -mcpu=cortex-m4 -mfpu=fpv4-sp-d16 -mfloat-abi=hard -mthumb -T 0305_Queue_Debug.ld -o "0305_Queue.axf"  ./utilities/fsl_debug_console.o ./utilities/fsl_io.o ./utilities/fsl_log.o ./utilities/fsl_str.o  ./startup/startup_mk64f12.o  ./source/0305_Queue.o ./source/semihost_hardfault.o  ./freertos/source/croutine.o ./freertos/source/event_groups.o ./freertos/source/list.o ./freertos/source/queue.o ./freertos/source/tasks.o ./freertos/source/timers.o  ./freertos/portable/fsl_tickless_systick.o ./freertos/portable/heap_4.o ./freertos/portable/port.o  ./drivers/fsl_clock.o ./drivers/fsl_common.o ./drivers/fsl_flash.o ./drivers/fsl_gpio.o ./drivers/fsl_smc.o ./drivers/fsl_uart.o  ./board/board.o ./board/clock_config.o ./board/peripherals.o ./board/pin_mux.o  ./CMSIS/system_MK64F12.o   
Memory region         Used Size  Region Size  %age Used
   PROGRAM_FLASH:       50088 B         1 MB      4.78%
      SRAM_UPPER:       19284 B       192 KB      9.81%
      SRAM_LOWER:          0 GB        64 KB      0.00%
        FLEX_RAM:          0 GB         4 KB      0.00%
Finished building target: 0305_Queue.axf
 
make --no-print-directory post-build
Performing post-build steps
arm-none-eabi-size "0305_Queue.axf"; # arm-none-eabi-objcopy -v -O binary "0305_Queue.axf" "0305_Queue.bin" ; # checksum -p MK64FN1M0xxx12 -d "0305_Queue.bin";
   text	   data	    bss	    dec	    hex	filename
  50072	     16	  19268	  69356	  10eec	0305_Queue.axf
 
22:33:35 **** Incremental Build of configuration Debug for project 0305_Queue ****
make -r -j4 all 
make: Nothing to be done for `all'.
